<?xml version="1.0" encoding="UTF-8"?>
<testsuite xmlns:xsi="http://www.w3.org/2001/XMLSchema-instance" xsi:noNamespaceSchemaLocation="https://maven.apache.org/surefire/maven-surefire-plugin/xsd/surefire-test-report-3.0.xsd" version="3.0" name="com.messanger.chat.ChatApplicationTests" time="7.143" tests="1" errors="0" skipped="0" failures="0">
  <properties>
[...]
</properties>
  <testcase name="contextLoads" classname="com.messanger.chat.ChatApplicationTests" time="1.749">
    <system-out><![CDATA[17:39:58.555 [main] INFO org.springframework.test.context.support.AnnotationConfigContextLoaderUtils -- Could not detect default configuration classes for test class [com.messanger.chat.ChatApplicationTests]: ChatApplicationTests does not declare any static, non-private, non-final, nested classes annotated with @Configuration.
17:39:59.322 [main] INFO org.springframework.boot.test.context.SpringBootTestContextBootstrapper -- Found @SpringBootConfiguration com.messanger.chat.ChatApplication for test class com.messanger.chat.ChatApplicationTests

  .   ____          _            __ _ _
 /\\ / ___'_ __ _ _(_)_ __  __ _ \ \ \ \
( ( )\___ | '_ | '_| | '_ \/ _` | \ \ \ \
 \\/  ___)| |_)| | | | | || (_| |  ) ) ) )
  '  |____| .__|_| |_|_| |_\__, | / / / /
 =========|_|==============|___/=/_/_/_/
 :: Spring Boot ::                (v3.2.5)

2024-05-05T17:40:00.188+05:30  INFO 24016 --- [Chat Application] [           main] c.messanger.chat.ChatApplicationTests    : Starting ChatApplicationTests using Java 21.0.2 with PID 24016 (started by Hp in D:\SPRING\websocketchatapp\chat)
2024-05-05T17:40:00.190+05:30  INFO 24016 --- [Chat Application] [           main] c.messanger.chat.ChatApplicationTests    : No active profile set, falling back to 1 default profile: "default"
2024-05-05T17:40:03.003+05:30  INFO 24016 --- [Chat Application] [           main] o.s.b.a.w.s.WelcomePageHandlerMapping    : Adding welcome page: class path resource [static/index.html]
2024-05-05T17:40:03.270+05:30  INFO 24016 --- [Chat Application] [           main] o.s.m.s.b.SimpleBrokerMessageHandler     : Starting...
2024-05-05T17:40:03.276+05:30  INFO 24016 --- [Chat Application] [           main] o.s.m.s.b.SimpleBrokerMessageHandler     : BrokerAvailabilityEvent[available=true, SimpleBrokerMessageHandler [org.springframework.messaging.simp.broker.DefaultSubscriptionRegistry@4a44cfc0]]
2024-05-05T17:40:03.278+05:30  INFO 24016 --- [Chat Application] [           main] o.s.m.s.b.SimpleBrokerMessageHandler     : Started.
2024-05-05T17:40:03.297+05:30  INFO 24016 --- [Chat Application] [           main] c.messanger.chat.ChatApplicationTests    : Started ChatApplicationTests in 3.498 seconds (process running for 6.378)
]]></system-out>
    <system-err><![CDATA[WARNING: A Java agent has been loaded dynamically (C:\Users\Hp\.m2\repository\net\bytebuddy\byte-buddy-agent\1.14.13\byte-buddy-agent-1.14.13.jar)
WARNING: If a serviceability tool is in use, please run with -XX:+EnableDynamicAgentLoading to hide this warning
WARNING: If a serviceability tool is not in use, please run with -Djdk.instrument.traceUsage for more information
WARNING: Dynamic loading of agents will be disallowed by default in a future release
]]></system-err>
  </testcase>
</testsuite>